<?xml version="1.0" encoding="UTF-8"?>
<testng-results ignored="0" total="1" passed="1" failed="0" skipped="0">
  <reporter-output>
  </reporter-output>
  <suite started-at="2023-07-05T08:04:42 IST" name="Default suite" finished-at="2023-07-05T08:05:20 IST" duration-ms="37714">
    <groups>
    </groups>
    <test started-at="2023-07-05T08:04:42 IST" name="Default test" finished-at="2023-07-05T08:05:20 IST" duration-ms="37714">
      <class name="vaibhav.practise.FirstSelenium">
        <test-method is-config="true" signature="setupBrowser()[pri:0, instance:vaibhav.practise.FirstSelenium@66b72664]" started-at="2023-07-05T08:04:42 IST" name="setupBrowser" finished-at="2023-07-05T08:05:13 IST" duration-ms="30575" status="PASS">
          <reporter-output>
          </reporter-output>
        </test-method> <!-- setupBrowser -->
        <test-method signature="launchURL()[pri:0, instance:vaibhav.practise.FirstSelenium@66b72664]" started-at="2023-07-05T08:05:13 IST" name="launchURL" finished-at="2023-07-05T08:05:18 IST" duration-ms="5178" status="PASS">
          <reporter-output>
          </reporter-output>
        </test-method> <!-- launchURL -->
        <test-method is-config="true" signature="quitBrowser()[pri:0, instance:vaibhav.practise.FirstSelenium@66b72664]" started-at="2023-07-05T08:05:19 IST" name="quitBrowser" finished-at="2023-07-05T08:05:20 IST" duration-ms="1488" status="PASS">
          <reporter-output>
          </reporter-output>
        </test-method> <!-- quitBrowser -->
      </class> <!-- vaibhav.practise.FirstSelenium -->
    </test> <!-- Default test -->
  </suite> <!-- Default suite -->
</testng-results>
